<?xml version="1.0" encoding="UTF-8"?>
<testng-results ignored="0" total="1" passed="1" failed="0" skipped="0">
  <reporter-output>
  </reporter-output>
  <suite started-at="2023-05-10T19:04:04 IST" name="Default suite" finished-at="2023-05-10T19:04:13 IST" duration-ms="9610">
    <groups>
    </groups>
    <test started-at="2023-05-10T19:04:04 IST" name="Default test" finished-at="2023-05-10T19:04:13 IST" duration-ms="9610">
      <class name="com.EveningBatch12Bestdotnettraining.TestCases.pom.OpenApplicationTestCase">
        <test-method signature="openBrowser()[pri:0, instance:com.EveningBatch12Bestdotnettraining.TestCases.pom.OpenApplicationTestCase@32115b28]" started-at="2023-05-10T19:04:04 IST" name="openBrowser" finished-at="2023-05-10T19:04:13 IST" duration-ms="9065" status="PASS">
          <reporter-output>
          </reporter-output>
        </test-method> <!-- openBrowser -->
        <test-method is-config="true" signature="EndTest()[pri:0, instance:com.EveningBatch12Bestdotnettraining.TestCases.pom.OpenApplicationTestCase@32115b28]" started-at="2023-05-10T19:04:13 IST" name="EndTest" finished-at="2023-05-10T19:04:13 IST" duration-ms="511" status="PASS">
          <reporter-output>
          </reporter-output>
        </test-method> <!-- EndTest -->
      </class> <!-- com.EveningBatch12Bestdotnettraining.TestCases.pom.OpenApplicationTestCase -->
    </test> <!-- Default test -->
  </suite> <!-- Default suite -->
</testng-results>
